<?xml version="1.0" encoding="UTF-8"?>
<robot generator="Robot 5.0.1 (Python 3.10.6 on darwin)" generated="20220826 14:12:22.650" rpa="false" schemaversion="3">
<suite id="s1" name="EditProf" source="/Users/nonetyviany/PycharmProjects/testokeya/TestSuites/EditProf.robot">
<test id="s1-t1" name="Edit Profile Functionality" line="19">
<kw name="Login page is open" library="Production" type="SETUP">
<kw name="Open Browser" library="SeleniumLibrary">
<arg>https://account.sehatq.com/login</arg>
<arg>chrome</arg>
<doc>Opens a new browser instance to the optional ``url``.</doc>
<msg timestamp="20220826 14:12:22.742" level="INFO">Opening browser 'chrome' to base url 'https://account.sehatq.com/login'.</msg>
<status status="PASS" starttime="20220826 14:12:22.742" endtime="20220826 14:12:49.423"/>
</kw>
<kw name="Maximize Browser Window" library="SeleniumLibrary">
<doc>Maximizes current browser window.</doc>
<status status="PASS" starttime="20220826 14:12:49.424" endtime="20220826 14:12:49.619"/>
</kw>
<status status="PASS" starttime="20220826 14:12:22.742" endtime="20220826 14:12:49.619"/>
</kw>
<kw name="Check Register" library="EditProf">
<arg>${fullnamemax}</arg>
<arg>${maleInput}</arg>
<arg>${none}</arg>
<arg>4</arg>
<arg>${none}</arg>
<arg>address aja</arg>
<arg>user failed edited</arg>
<kw name="Given user success for login" library="EditProfPage">
<kw name="Input Text" library="SeleniumLibrary">
<arg>${inputEmail}</arg>
<arg>${validEmail}</arg>
<doc>Types the given ``text`` into the text field identified by ``locator``.</doc>
<msg timestamp="20220826 14:12:49.622" level="INFO">Typing text 'nonetyvianysusilo12@gmail.com' into text field 'xpath=//input[@id='email']'.</msg>
<status status="PASS" starttime="20220826 14:12:49.622" endtime="20220826 14:12:51.835"/>
</kw>
<kw name="Input Password" library="SeleniumLibrary">
<arg>${inputPassword}</arg>
<arg>${validPassword}</arg>
<doc>Types the given password into the text field identified by ``locator``.</doc>
<msg timestamp="20220826 14:12:51.835" level="INFO">Typing password into text field 'xpath=//input[@type='password']'.</msg>
<msg timestamp="20220826 14:12:51.999" level="INFO">Temporally setting log level to: NONE</msg>
<msg timestamp="20220826 14:12:52.650" level="INFO">Log level changed from NONE to INFO.</msg>
<status status="PASS" starttime="20220826 14:12:51.835" endtime="20220826 14:12:52.650"/>
</kw>
<kw name="Click Button" library="SeleniumLibrary">
<arg>${loginButton}</arg>
<doc>Clicks the button identified by ``locator``.</doc>
<msg timestamp="20220826 14:12:52.650" level="INFO">Clicking button 'xpath=//button[contains(text(),'Login')]'.</msg>
<status status="PASS" starttime="20220826 14:12:52.650" endtime="20220826 14:12:53.529"/>
</kw>
<status status="PASS" starttime="20220826 14:12:49.621" endtime="20220826 14:12:53.529"/>
</kw>
<kw name="And user click account icon" library="EditProfPage">
<kw name="Wait Until Element Is Visible" library="SeleniumLibrary">
<arg>${akunIcon}</arg>
<arg>60s</arg>
<doc>Waits until the element ``locator`` is visible.</doc>
<status status="PASS" starttime="20220826 14:12:53.530" endtime="20220826 14:13:07.249"/>
</kw>
<kw name="Click Element" library="SeleniumLibrary">
<arg>${akunIcon}</arg>
<doc>Click the element identified by ``locator``.</doc>
<msg timestamp="20220826 14:13:07.249" level="INFO">Clicking element 'xpath=//*[@class='sc-jzJRlG dOVASO']'.</msg>
<status status="PASS" starttime="20220826 14:13:07.249" endtime="20220826 14:13:07.565"/>
</kw>
<status status="PASS" starttime="20220826 14:12:53.530" endtime="20220826 14:13:07.565"/>
</kw>
<kw name="And user click profile menu" library="EditProfPage">
<kw name="Wait Until Element Is Visible" library="SeleniumLibrary">
<arg>${profButton}</arg>
<arg>180s</arg>
<doc>Waits until the element ``locator`` is visible.</doc>
<status status="PASS" starttime="20220826 14:13:07.565" endtime="20220826 14:13:07.583"/>
</kw>
<kw name="Click Element" library="SeleniumLibrary">
<arg>${profbutton}</arg>
<doc>Click the element identified by ``locator``.</doc>
<msg timestamp="20220826 14:13:07.583" level="INFO">Clicking element 'xpath=//*[@class='sc-gZMcBi sc-kAzzGY kqazqG Anchor-NexLink-Function']'.</msg>
<status status="PASS" starttime="20220826 14:13:07.583" endtime="20220826 14:13:11.401"/>
</kw>
<status status="PASS" starttime="20220826 14:13:07.565" endtime="20220826 14:13:11.402"/>
</kw>
<kw name="And user click edit profile button" library="EditProfPage">
<kw name="Wait Until Element Is Visible" library="SeleniumLibrary">
<arg>${editbutton}</arg>
<doc>Waits until the element ``locator`` is visible.</doc>
<status status="PASS" starttime="20220826 14:13:11.402" endtime="20220826 14:13:11.414"/>
</kw>
<kw name="Click Element" library="SeleniumLibrary">
<arg>${editButton}</arg>
<doc>Click the element identified by ``locator``.</doc>
<msg timestamp="20220826 14:13:11.414" level="INFO">Clicking element 'xpath=//a[@class='chakra-link css-1pwr2bt']'.</msg>
<status status="PASS" starttime="20220826 14:13:11.414" endtime="20220826 14:13:12.363"/>
</kw>
<status status="PASS" starttime="20220826 14:13:11.402" endtime="20220826 14:13:12.363"/>
</kw>
<kw name="When user input fullnames" library="EditProfPage">
<arg>${full_name}</arg>
<kw name="Wait Until Element Is Visible" library="SeleniumLibrary">
<arg>${nameInput}</arg>
<arg>60s</arg>
<doc>Waits until the element ``locator`` is visible.</doc>
<status status="PASS" starttime="20220826 14:13:12.363" endtime="20220826 14:13:16.961"/>
</kw>
<kw name="Clear Element Text" library="SeleniumLibrary">
<arg>${nameInput}</arg>
<doc>Clears the value of the text-input-element identified by ``locator``.</doc>
<status status="PASS" starttime="20220826 14:13:16.962" endtime="20220826 14:13:17.064"/>
</kw>
<kw name="Input Text" library="SeleniumLibrary">
<arg>${nameInput}</arg>
<arg>${full_name}</arg>
<doc>Types the given ``text`` into the text field identified by ``locator``.</doc>
<msg timestamp="20220826 14:13:17.065" level="INFO">Typing text 'Lorem Ipsum is simply dummy text of the printing and typesetting industry Lorem Ipsum has been the industrys standard dummy text ever since the s when an unknown printer took a galley of type and scrambled it to make a type specimen boo hsjjaasa sjajsjahs jashajhsjahs ahjshaj sjahsjahsja sjahsjahjs jahsjahsja shajhsja sjahjsha sahsjahjshaj sajshjahsja shajshjshaj sjahsja sjahsjas haj jahsjahsjhjshaj sjahs jahjshajs jhajahjsha jshajhsaj ahsjahjahjhajs jashajhsjah ajhsja ajhsajhsahajsja sjahsjajaj' into text field 'xpath=//input[@name='name']'.</msg>
<status status="PASS" starttime="20220826 14:13:17.064" endtime="20220826 14:13:37.240"/>
</kw>
<status status="PASS" starttime="20220826 14:13:12.363" endtime="20220826 14:13:37.241"/>
</kw>
<kw name="And user select dob" library="EditProfPage">
<kw name="Wait Until Element Is Visible" library="SeleniumLibrary">
<arg>${dateInput}</arg>
<doc>Waits until the element ``locator`` is visible.</doc>
<status status="PASS" starttime="20220826 14:13:37.241" endtime="20220826 14:13:37.309"/>
</kw>
<kw name="Click Element" library="SeleniumLibrary">
<arg>${dateInput}</arg>
<doc>Click the element identified by ``locator``.</doc>
<msg timestamp="20220826 14:13:37.310" level="INFO">Clicking element 'xpath=//*[@class='sc-jWBwVP ieWIjH']'.</msg>
<status status="PASS" starttime="20220826 14:13:37.309" endtime="20220826 14:13:37.979"/>
</kw>
<kw name="Click Element" library="SeleniumLibrary">
<arg>${datec}</arg>
<doc>Click the element identified by ``locator``.</doc>
<msg timestamp="20220826 14:13:37.980" level="INFO">Clicking element 'xpath=//*[@aria-label='Tue Nov 16 1993']'.</msg>
<status status="PASS" starttime="20220826 14:13:37.979" endtime="20220826 14:13:38.117"/>
</kw>
<status status="PASS" starttime="20220826 14:13:37.241" endtime="20220826 14:13:38.117"/>
</kw>
<kw name="And user select gender" library="EditProfPage">
<arg>${gender}</arg>
<kw name="Wait Until Element Is Visible" library="SeleniumLibrary">
<arg>${geninput}</arg>
<doc>Waits until the element ``locator`` is visible.</doc>
<status status="PASS" starttime="20220826 14:13:38.117" endtime="20220826 14:13:38.137"/>
</kw>
<kw name="Click Element" library="SeleniumLibrary">
<arg>${geninput}</arg>
<doc>Click the element identified by ``locator``.</doc>
<msg timestamp="20220826 14:13:38.137" level="INFO">Clicking element 'xpath=//button[@class='sc-bxivhb fCOysa sc-ifAKCX dnTXFY']'.</msg>
<status status="PASS" starttime="20220826 14:13:38.137" endtime="20220826 14:13:38.298"/>
</kw>
<kw name="Click Element" library="SeleniumLibrary">
<arg>${gender}</arg>
<doc>Click the element identified by ``locator``.</doc>
<msg timestamp="20220826 14:13:38.298" level="INFO">Clicking element 'xpath=//*[contains(text(),'Laki-laki')]'.</msg>
<status status="PASS" starttime="20220826 14:13:38.298" endtime="20220826 14:13:38.574"/>
</kw>
<status status="PASS" starttime="20220826 14:13:38.117" endtime="20220826 14:13:38.574"/>
</kw>
<kw name="And user input Height Body" library="EditProfPage">
<arg>${height}</arg>
<kw name="Wait Until Element Is Visible" library="SeleniumLibrary">
<arg>${heighInput}</arg>
<doc>Waits until the element ``locator`` is visible.</doc>
<status status="PASS" starttime="20220826 14:13:38.574" endtime="20220826 14:13:38.588"/>
</kw>
<kw name="Clear Element Text" library="SeleniumLibrary">
<arg>${heighInput}</arg>
<doc>Clears the value of the text-input-element identified by ``locator``.</doc>
<status status="PASS" starttime="20220826 14:13:38.588" endtime="20220826 14:13:38.683"/>
</kw>
<kw name="Input Text" library="SeleniumLibrary">
<arg>${heighInput}</arg>
<arg>${height}</arg>
<doc>Types the given ``text`` into the text field identified by ``locator``.</doc>
<msg timestamp="20220826 14:13:38.683" level="INFO">Typing text 'None' into text field 'xpath=//input[@name='height']'.</msg>
<status status="PASS" starttime="20220826 14:13:38.683" endtime="20220826 14:13:38.972"/>
</kw>
<status status="PASS" starttime="20220826 14:13:38.574" endtime="20220826 14:13:38.972"/>
</kw>
<kw name="And user input weight body" library="EditProfPage">
<arg>${weight}</arg>
<kw name="Wait Until Element Is Visible" library="SeleniumLibrary">
<arg>${weightInput}</arg>
<doc>Waits until the element ``locator`` is visible.</doc>
<status status="PASS" starttime="20220826 14:13:38.973" endtime="20220826 14:13:38.987"/>
</kw>
<kw name="Click Element" library="SeleniumLibrary">
<arg>${weightinput}</arg>
<doc>Click the element identified by ``locator``.</doc>
<msg timestamp="20220826 14:13:38.987" level="INFO">Clicking element 'xpath=//input[@name='weight']'.</msg>
<status status="PASS" starttime="20220826 14:13:38.987" endtime="20220826 14:13:39.085"/>
</kw>
<kw name="Clear Element Text" library="SeleniumLibrary">
<arg>${weightInput}</arg>
<doc>Clears the value of the text-input-element identified by ``locator``.</doc>
<status status="PASS" starttime="20220826 14:13:39.085" endtime="20220826 14:13:39.144"/>
</kw>
<kw name="Input Text" library="SeleniumLibrary">
<arg>${weightInput}</arg>
<arg>${weight}</arg>
<doc>Types the given ``text`` into the text field identified by ``locator``.</doc>
<msg timestamp="20220826 14:13:39.144" level="INFO">Typing text '4' into text field 'xpath=//input[@name='weight']'.</msg>
<status status="PASS" starttime="20220826 14:13:39.144" endtime="20220826 14:13:39.253"/>
</kw>
<status status="PASS" starttime="20220826 14:13:38.972" endtime="20220826 14:13:39.253"/>
</kw>
<kw name="And user input phone number" library="EditProfPage">
<arg>${phone}</arg>
<kw name="Wait Until Element Is Visible" library="SeleniumLibrary">
<arg>${phoneInput}</arg>
<doc>Waits until the element ``locator`` is visible.</doc>
<status status="PASS" starttime="20220826 14:13:39.254" endtime="20220826 14:13:39.267"/>
</kw>
<kw name="Clear Element Text" library="SeleniumLibrary">
<arg>${phoneInput}</arg>
<doc>Clears the value of the text-input-element identified by ``locator``.</doc>
<status status="PASS" starttime="20220826 14:13:39.267" endtime="20220826 14:13:39.322"/>
</kw>
<kw name="Input Text" library="SeleniumLibrary">
<arg>${phoneInput}</arg>
<arg>${phone}</arg>
<doc>Types the given ``text`` into the text field identified by ``locator``.</doc>
<msg timestamp="20220826 14:13:39.322" level="INFO">Typing text 'None' into text field 'xpath=//input[@name='phone']'.</msg>
<status status="PASS" starttime="20220826 14:13:39.322" endtime="20220826 14:13:39.771"/>
</kw>
<status status="PASS" starttime="20220826 14:13:39.253" endtime="20220826 14:13:39.771"/>
</kw>
<kw name="And user input address" library="EditProfPage">
<arg>${address}</arg>
<kw name="Wait Until Element Is Visible" library="SeleniumLibrary">
<arg>${addressInput}</arg>
<doc>Waits until the element ``locator`` is visible.</doc>
<status status="PASS" starttime="20220826 14:13:39.771" endtime="20220826 14:13:39.791"/>
</kw>
<kw name="Clear Element Text" library="SeleniumLibrary">
<arg>${addressInput}</arg>
<doc>Clears the value of the text-input-element identified by ``locator``.</doc>
<status status="PASS" starttime="20220826 14:13:39.791" endtime="20220826 14:13:39.865"/>
</kw>
<kw name="Input Text" library="SeleniumLibrary">
<arg>${addressInput}</arg>
<arg>${address}</arg>
<doc>Types the given ``text`` into the text field identified by ``locator``.</doc>
<msg timestamp="20220826 14:13:39.865" level="INFO">Typing text 'address aja' into text field 'xpath=//textarea[@name='address']'.</msg>
<status status="PASS" starttime="20220826 14:13:39.865" endtime="20220826 14:13:40.354"/>
</kw>
<status status="PASS" starttime="20220826 14:13:39.771" endtime="20220826 14:13:40.355"/>
</kw>
<kw name="And user click simpan button" library="EditProfPage">
<kw name="Wait Until Element Is Visible" library="SeleniumLibrary">
<arg>${savebutton}</arg>
<doc>Waits until the element ``locator`` is visible.</doc>
<status status="PASS" starttime="20220826 14:13:40.355" endtime="20220826 14:13:40.376"/>
</kw>
<kw name="Element Should Be Visible" library="SeleniumLibrary">
<arg>${savebutton}</arg>
<doc>Verifies that the element identified by ``locator`` is visible.</doc>
<msg timestamp="20220826 14:13:40.385" level="INFO">Element 'xpath=//button[@Class='sc-bxivhb giIfj sc-ifAKCX kmPYUr']' is displayed.</msg>
<status status="PASS" starttime="20220826 14:13:40.377" endtime="20220826 14:13:40.385"/>
</kw>
<status status="PASS" starttime="20220826 14:13:40.355" endtime="20220826 14:13:40.385"/>
</kw>
<kw name="Then user can see edit profile validate" library="EditProfPage">
<arg>${Validate}</arg>
<kw name="Run Keyword If" library="BuiltIn">
<arg>'${Validate}'=='failed edited'</arg>
<arg>user failed edited</arg>
<arg>ELSE IF</arg>
<arg>'${Validate}'=='success edited'</arg>
<arg>user success edited</arg>
<doc>Runs the given keyword with the given arguments, if ``condition`` is true.</doc>
<status status="PASS" starttime="20220826 14:13:40.386" endtime="20220826 14:13:40.389"/>
</kw>
<status status="PASS" starttime="20220826 14:13:40.385" endtime="20220826 14:13:40.389"/>
</kw>
<status status="PASS" starttime="20220826 14:12:49.620" endtime="20220826 14:13:40.389"/>
</kw>
<kw name="Close page" library="Production" type="TEARDOWN">
<kw name="Close All Browsers" library="SeleniumLibrary">
<doc>Closes all open browsers and resets the browser cache.</doc>
<status status="PASS" starttime="20220826 14:13:40.389" endtime="20220826 14:13:40.530"/>
</kw>
<status status="PASS" starttime="20220826 14:13:40.389" endtime="20220826 14:13:40.530"/>
</kw>
<status status="PASS" starttime="20220826 14:12:22.741" endtime="20220826 14:13:40.530"/>
</test>
<status status="PASS" starttime="20220826 14:12:22.652" endtime="20220826 14:13:40.531"/>
</suite>
<statistics>
<total>
<stat pass="1" fail="0" skip="0">All Tests</stat>
</total>
<tag>
</tag>
<suite>
<stat pass="1" fail="0" skip="0" id="s1" name="EditProf">EditProf</stat>
</suite>
</statistics>
<errors>
</errors>
</robot>
